<?xml version="1.0" encoding="utf-8"?><testsuites name="pytest tests"><testsuite name="pytest" errors="0" failures="0" skipped="0" tests="5" time="7.905" timestamp="2025-08-09T20:28:43.295535+00:00" hostname="kali"><testcase classname="tests.unit.trading.test_trading_interface.TestTradingInterface" name="test_cancel_order" time="0.005" /><testcase classname="tests.unit.trading.test_trading_interface.TestTradingInterface" name="test_check_order_status" time="0.003" /><testcase classname="tests.unit.trading.test_trading_interface.TestTradingInterface" name="test_create_limit_order_validation_fail" time="0.003" /><testcase classname="tests.unit.trading.test_trading_interface.TestTradingInterface" name="test_create_limit_order_validation_pass" time="0.002" /><testcase classname="tests.unit.trading.test_trading_interface.TestTradingInterface" name="test_submit_order" time="0.003" /></testsuite></testsuites>
