<?xml version="1.0" encoding="utf-8"?><testsuites name="pytest tests"><testsuite name="pytest" errors="0" failures="0" skipped="0" tests="4" time="5.925" timestamp="2025-07-31T15:34:02.059629+00:00" hostname="kali"><testcase classname="tests.unit.portfolio.test_portfolio_manager.TestPortfolioManager" name="test_calculate_position_size_with_confidence" time="0.003" /><testcase classname="tests.unit.portfolio.test_portfolio_manager.TestPortfolioManager" name="test_check_liquidation" time="0.003" /><testcase classname="tests.unit.portfolio.test_portfolio_manager.TestPortfolioManager" name="test_get_current_tier" time="0.004" /><testcase classname="tests.unit.portfolio.test_portfolio_manager.TestPortfolioManager" name="test_initialization" time="0.003" /></testsuite></testsuites>